tech
coding
http://codic.jp/
https://code.google.com/p/google-styleguide/
http://php-archive.net/php/words-in-function-names/
http://qiita.com/magicant/items/8134edf969f9629fa66e
http://nelog.jp/programming-words
http://qiita.com/Koki-Shimizu/items/f3d3e824f98d182d4100
http://local.joelonsoftware.com/mediawiki/index.php/%E9%96%93%E9%81%95%E3%81%A3%E3%81%9F%E3%82%B3%E3%83%BC%E3%83%89%E3%81%AF%E9%96%93%E9%81%95%E3%81%A3%E3%81%A6%E8%A6%8B%E3%81%88%E3%82%8B%E3%82%88%E3%81%86%E3%81%AB%E3%81%99%E3%82%8B
https://github.com/styleguide
http://qiita.com/KeithYokoma/items/2193cf79ba76563e3db6?utm_source=Qiita%E3%83%8B%E3%83%A5%E3%83%BC%E3%82%B9
http://www.gnu.org/prep/standards/html_node/
comitting
http://d.hatena.ne.jp/pyopyopyo/20070920/p1
http://www.sssg.org/blogs/hiro345/archives/11721.html
http://qiita.com/ken_c_lo/items/4cb49f0fb74e8778804d
http://qiita.com/magicant/items/882b5142c4d5064933bc
http://www.clear-code.com/blog/2012/3/13.html
http://qiita.com/itosho/items/9565c6ad2ffc24c09364?utm_source=Qiita%E3%83%8B%E3%83%A5%E3%83%BC%E3%82%B9&utm_campaign=1766120c70-Qiita_newsletter_132_26_11_2014&utm_medium=email&utm_term=0_e44feaa081-1766120c70-10304529
http://qiita.com/gogotanaka/items/b65e1b081fa976e5d754
http://www.clear-code.com/blog/2012/2/21.html
http://postd.cc/how-to-write-a-git-commit-message/
http://getemoji.com/
https://github.com/azu/awesome-commit-english
http://anond.hatelabo.jp/20160725092419
windows
http://ringonoki.net/
http://www.gigafree.net/
http://freesoft.tvbok.com/freesoft/
http://blog.sharplab.net/blog/2011/11/24/cygwin%E3%82%92%E6%8D%A8%E3%81%A6%E3%81%9Fwindows%E3%81%AEcui%E7%92%B0%E5%A2%83/
http://freesoft.tvbok.com/freesoft/virtual/wincdemu.html
http://nanno.dip.jp/softlib/man/rlogin/
mac
http://b.hatena.ne.jp/articles/201001/743
http://support.apple.com/kb/HT1343?viewlocale=ja_JP&locale=ja_JP
http://d.hatena.ne.jp/mmtootmm/20120811/1344666400
http://serennz.sakura.ne.jp/sb/log/eid193.html
http://hajimemasita.blogspot.jp/2009/05/app-saykanjiapp.html
http://macwiki.sourceforge.jp/wiki/index.php/MacPorts
http://macports-jp.sourceforge.jp/wiki/index.php/port_%E3%82%B3%E3%83%9E%E3%83%B3%E3%83%89%E3%81%AE%E7%B0%A1%E5%8D%98%E3%81%AA%E4%BD%BF%E3%81%84%E6%96%B9
http://osx.miko.org/index.php/Beginning_OS_X_10.6
http://macports-jp.sourceforge.jp/wiki/index.php/port(1)
https://github.com/yosshi/oh-my-settings/blob/master/mac/defaults_hack.sh
http://www17.plala.or.jp/mac_soft/
http://www.macsoft.jp/
http://favorite-app.net/
http://shinh.skr.jp/osxbin/
http://www28.atwiki.jp/2chmac/
http://www.advansteps.com/macxsearch/
nix
http://pubs.opengroup.org/onlinepubs/9699919799/
https://wiki.archlinux.org/
http://www.gentoo.org/doc/ja/list.xml
https://wiki.gentoo.org/wiki/Main_Page
http://manpages.debian.net/cgi-bin/man.cgi
http://linuxjf.sourceforge.jp/JFdocs/Unix-and-Internet-Fundamentals-HOWTO/
https://wiki.debian.org/ja/FrontPage?action=show&redirect=%E3%83%95%E3%83%AD%E3%83%B3%E3%83%88%E3%83%9A%E3%83%BC%E3%82%B8
http://linux.just4fun.biz/
http://www.freebsd.org/doc/ja_JP.eucJP/books/handbook/index.html
http://qiita.com/Liberty/items/4a2396e29cd22b1c1512?utm_source=Qiita%E3%83%8B%E3%83%A5%E3%83%BC%E3%82%B9&utm_campaign=f184ce4996-Qiita_newsletter_88_1_21_2014&utm_medium=email&utm_term=0_e44feaa081-f184ce4996-10304529
https://wiki.archlinux.org/index.php/Full_System_Backup_with_rsync#With_a_single_command
http://linuxjf.sourceforge.jp/JFdocs/Software-Release-Practice-HOWTO.html
http://debian.fam.cx/
http://www.tldp.org/LDP/sag/html/index.html
http://www.tldp.org/HOWTO/Reading-List-HOWTO/
http://equj65.net/tech/systemd-boot/
http://www.slideshare.net/enakai/linux-27872553
http://d.hatena.ne.jp/enakai00/20130914/1379146157
http://wiki.centos.org/FrontPage
http://crux.nu/
http://docs.slackware.com/start
http://qiita.com/sion_cojp/items/04a2aa76a1021fe77079?utm_source=Qiita%E3%83%8B%E3%83%A5%E3%83%BC%E3%82%B9&utm_campaign=b2c8259520-Qiita_newsletter_130_12_11_2014&utm_medium=email&utm_term=0_e44feaa081-b2c8259520-10304529
http://wiki.centos.org/
http://kkovacs.eu/cool-but-obscure-unix-tools
http://yuuki.hatenablog.com/entry/linux-server-operations
linux
http://www.fukudat.com/wiki/ja/Linux_Kernel_%E3%81%AE%E3%82%A4%E3%83%B3%E3%82%B9%E3%83%88%E3%83%BC%E3%83%AB
http://archive.linux.or.jp/JF/JFdocs/The-Linux-Kernel-15.html
http://www.debian.org/releases/stable/i386/ch08s06.html.ja
http://www.netfort.gr.jp/~matsu/plamo/doc/kernelrebuild.html
http://www.geocities.co.jp/SiliconValley-Cupertino/9120/kernel_recompile.html
debian
https://wiki.debian.org/Packaging
http://kreisel.fam.cx/webmaster/mugen/kamado-c-2007-04-28.html#20070425-10:41
git
http://progit.org/book/ja/
http://git-scm.com/
http://git-scm.com/docs
http://progit-ja.github.io/
http://gitref.org/
http://sourceforge.jp/magazine/09/03/16/0831212
http://keijinsonyaban.blogspot.com/2011/05/git.html
http://www8.atwiki.jp/git_jp
https://gist.github.com/Gab-km/3705015
http://jonas.nitro.dk/tig/manual.html
emacs
https://ayatakesi.github.io/emacs/24.5/index.html
http://www.gnu.org/software/emacs/manual/html_node/elisp/index.html
http://www.gnu.org/software/emacs/manual/html_node/emacs/index.html
http://www.bookshelf.jp/texi/elisp-manual/21-2-8/jp/elisp.html
http://www.bookshelf.jp/texi/emacs-20.6-man-jp/emacs.html
http://www.emacswiki.org/cgi-bin/emacs-ja
http://emacs.g.hatena.ne.jp/kiwanami/20110606
http://melpa.org/#/
http://www.kabipan.com/computer/emacs/
http://emacs.g.hatena.ne.jp/kiwanami/20110606/1307385847
http://rubikitch.com/2016/02/13/sd1505-builtin/?utm_source=twitterfeed&utm_medium=twitter
http://dev.ariel-networks.com/Members/matsuyama/dump-emacs/
gnuplot
http://takeno.iee.niit.ac.jp/~foo/gp-jman/gp-jman.html
http://gnuplot.sourceforge.net/demo_4.2/
network
iptables
http://naossa.hatenablog.jp/entry/20120901/1353684854
http://mokky14.hatenablog.com/entry/2013/12/04/143415
http://www.asahi-net.or.jp/~aa4t-nngk/ipttut/output/dnattarget.html
http://x68000.q-e-d.net/~68user/net/
http://www5e.biglobe.ne.jp/~aji/30min/index.html
http://www.tatsuyababa.com/NW-DNS/
http://server.riopi.net/bind9.html
http://www5e.biglobe.ne.jp/~aji/3min/index.html
http://linux-ip.net/gl/ip-cref/
http://blog.asial.co.jp/816
http://d.hatena.ne.jp/tkman/20101203/1291343298
http://d.hatena.ne.jp/loutusu/20120130/1327920695
http://web.archive.org/web/20140303140503/http://www.studyinghttp.net/
http://www.studyinghttp.net/
http://web.archive.org/liveweb/http://www.studyinghttp.net
http://www.eonet.ne.jp/~h-hash/
http://xip.io/
http://qiita.com/kuni-nakaji/items/5118b23bf2ea44fed96e
https://letsencrypt.org/
http://nginx.org/en/docs/
http://www.star-domain.jp/
https://secure.netowl.jp/netowl/
html
http://htmldog.com/
http://www.sist.ac.jp/~suganuma/home/HTML/HTML.htm
http://hp.vector.co.jp/authors/VA022006/index.html
http://validator.w3.org/
http://webdesignrecipes.com/css-blocklevel-elements/
http://hmaster.net/element.html
design
http://bekkou68.hatenablog.com/entry/20121028/1351387021
http://blog.woopsdez.jp/archives/2952
http://qiita.com/tnj/items/10fc85b2dbcc30d576eb
http://commte.net/blog/archives/4415
http://commte.net/blog/archives/4861
http://qiita.com/Yama-to/items/cb7f280b44a14c898418
http://qiita.com/okappy/items/119e31cae9aa9bd9da6d
webapi
http://www.tumblr.com/docs/en/api/v2
http://getpocket.com/developer/apps/
https://developers.google.com/appengine/?hl=ja&csw=1
Configuration Managerment
puppet
https://forge.puppetlabs.com/
ansible
http://docs.ansible.com/
https://galaxy.ansible.com/
http://apatheia.info/blog/2013/04/06/about-ansible/
http://yuuki.hatenablog.com/entry/2013/08/13/220330
http://d.hatena.ne.jp/hogem/20130615/1371306941
http://d.hatena.ne.jp/akishin999/20130815/1376520672?utm_source=zenback&utm_medium=http%3A//tdoc.info/blog/2013/04/20/ansible.html&utm_campaign=zb_related_links
http://tdoc.info/blog/2013/04/20/ansible.html
http://inforno.net/articles/2013/10/15/ansible-tips
http://docs.ansible.com/playbooks_best_practices.html
http://yteraoka.github.io/ansible-tutorial/
vm
ec2
http://blog.cloudpack.jp/2011/09/study-ec2-instance.html
http://www.slideshare.net/kentamagawa/3amazon-ec2
http://aws.amazon.com/jp/
http://blog.mah-lab.com/2013/05/16/heroku-commons-16/
vagrant
http://docs.vagrantup.com/v2/
https://vagrantcloud.com/
http://www.vagrantbox.es/
https://gist.github.com/voluntas/5525719
https://gist.github.com/azurite/6459079
https://atlas.hashicorp.com/boxes/search
docker
https://docs.docker.com/
http://2013.8-p.info/japanese/06-22-docker.html
https://hub.docker.com/
http://www.docker.com/tryit/
http://d.hatena.ne.jp/enakai00/20140420/1397981156
http://blog.ieknir.com/blog/try-docker/
http://d.hatena.ne.jp/enakai00/20140424/1398321672
http://www.infoq.com/jp/articles/docker-containers
lxc
http://www.ibm.com/developerworks/jp/linux/library/l-lxc-containers/
http://lxc.teegra.net/
https://wiki.archlinux.org/index.php/LXC
https://gist.github.com/keikubo/2946263
http://qiita.com/tukiyo/items/672d556c6cf8e7458563
http://d.hatena.ne.jp/defiant/20140419/1397838711
http://d.hatena.ne.jp/enakai00/20110529/1306658627
http://gihyo.jp/admin/serial/01/ubuntu-recipe/0226
https://lists.debian.org/debian-user/2011/08/msg00153.html
http://oss.fulltrust.co.jp/doc/ubuntu12.04/lxc.html
https://wiki.gentoo.org/wiki/LXC
http://qiita.com/m-shibata/items/698d92d67c7a76612009
https://help.ubuntu.com/lts/serverguide/lxc.html
https://access.redhat.com/documentation/ja-JP/Red_Hat_Enterprise_Linux/6/html/Resource_Management_Guide/ch01.html
https://www.conoha.jp/
http://vps.sakura.ad.jp/
appengine
https://developers.google.com/appengine/
http://yuribossa.hatenablog.com/entry/20090611/p1
http://efcl.info/2009/1212/res1508/
ddd
http://www.ogis-ri.co.jp/otc/hiroba/technical/DDDEssence/
http://www.infoq.com/jp/articles/ddd-in-practice
http://www.slideshare.net/masuda220/ss-26583161
http://d.hatena.ne.jp/digitalsoul/20101027/1288180208
package manger
http://www.bing.com/search?q=stow+%E3%83%91%E3%83%83%E3%82%B1%E3%83%BC%E3%82%B8&qs=n&form=QBRE&pq=stow+%E3%83%91%E3%83%83%E3%82%B1%E3%83%BC%E3%82%B8&sc=0-6&sp=-1&sk=&cvid=b3660786298544b48aecc8909f11de8d
http://donko.jp/LFS/LFS6.6jp/chapter06/pkgmgt.html
http://pontago.hatenablog.com/entry/20100730/1280453965
http://gateman-on.blogspot.jp/2013/02/stow.html
http://rcmdnk.github.io/blog/2013/08/11/computer-linux-windows-cygwin/
http://pontago.hatenablog.com/entry/20100730/1280453913
web environment
http://repl.it/languages
https://www.sourcelair.com/home
http://ideone.com/
http://codepad.org/users/10sr
https://paiza.io/
http://melpon.org/wandbox
https://glot.io/
sicp
http://sicp.iijlab.net/fulltext/xcont.html
https://github.com/hiroshi-manabe/sicp-pdf
https://mitpress.mit.edu/sicp/full-text/book/book-Z-H-4.html#%_toc_start
asciidoc
http://reddog.s35.xrea.com/wiki/AsciiDoc%E3%81%AE%E6%9B%B8%E3%81%8D%E6%96%B9.html
http://asciidoc.org/
https://github.com/asciidoc/asciidoc
https://gist.github.com/powerman/d56b2675dfed38deb298
http://asciidoctor.org/docs/asciidoc-writers-guide/
http://wiki.nginx.org/NginxConfiguration
http://www.ertl.jp/~takayuki/readings/info/
http://docs.saltstack.com/en/latest/topics/tutorials/walkthrough.html
https://meanpath.com/f/
https://search.nerdydata.com/code/?and_code
https://app.wercker.com/sessions/new
http://shields.io/
http://panthema.net/2013/sound-of-sorting/
http://semver.org/lang/ja/
http://www.isup.me/
http://www.kt.rim.or.jp/~kbk/regex/regex.html
https://oddmuse.org/wiki/Main_Page
http://postd.cc/the-definitive-guide-to-linux-system-calls/
http://www.techscore.com/tech/DesignPattern/index.html/
